\BOOKMARK [0][-]{chapter.1}{\376\377\000M\000A\000T\000C\000H\000B\000o\000x\000\040\000A\000P\000I\000\040\000U\000t\000i\000l\000s}{}% 1
\BOOKMARK [1][-]{section.1.1}{\376\377\000I\000n\000t\000r\000o\000d\000u\000c\000t\000i\000o\000n}{chapter.1}% 2
\BOOKMARK [1][-]{section.1.2}{\376\377\000I\000n\000s\000t\000a\000l\000l\000a\000t\000i\000o\000n}{chapter.1}% 3
\BOOKMARK [1][-]{section.1.3}{\376\377\000U\000s\000i\000n\000g\000\040\000M\000A\000T\000C\000H\000B\000o\000x\000\040\000A\000P\000I\000\040\000U\000t\000i\000l\000s}{chapter.1}% 4
\BOOKMARK [0][-]{chapter.2}{\376\377\000M\000A\000T\000C\000H\000B\000o\000x\000\040\000A\000P\000I\000\040\000U\000t\000i\000l\000s\000\040\000H\000e\000l\000p\000e\000r\000\040\000S\000c\000r\000i\000p\000t\000s}{}% 5
\BOOKMARK [1][-]{section.2.1}{\376\377\000M\000A\000T\000C\000H\000B\000o\000x\000\040\000J\000S\000O\000N\000\040\000D\000u\000m\000p\000\040\000\050\000m\000a\000t\000c\000h\000b\000o\000x\000\137\000j\000s\000o\000n\000\137\000d\000u\000m\000p\000.\000p\000y\000\051}{chapter.2}% 6
\BOOKMARK [2][-]{subsection.2.1.1}{\376\377\000M\000A\000T\000C\000H\000B\000o\000x\000\040\000J\000S\000O\000N\000\040\000D\000u\000m\000p\000\040\000H\000e\000l\000p\000\040\000D\000o\000c}{section.2.1}% 7
\BOOKMARK [1][-]{section.2.2}{\376\377\000M\000A\000P\000\040\000M\000S\000N\000\040\000P\000S\000N\000\040\000\050\000m\000a\000p\000\137\000m\000s\000n\000\137\000p\000s\000n\000.\000p\000y\000\051}{chapter.2}% 8
\BOOKMARK [2][-]{subsection.2.2.1}{\376\377\000M\000A\000P\000\040\000M\000S\000N\000\040\000P\000S\000N\000\040\000H\000e\000l\000p\000\040\000D\000o\000c}{section.2.2}% 9
\BOOKMARK [1][-]{section.2.3}{\376\377\000M\000A\000T\000C\000H\000\040\000V\000a\000r\000i\000a\000n\000t\000\040\000F\000r\000e\000q\000u\000e\000n\000c\000y\000\040\000\050\000m\000a\000t\000c\000h\000\137\000v\000a\000r\000i\000a\000n\000t\000\137\000f\000r\000e\000q\000u\000e\000n\000c\000y\000.\000p\000y\000\051}{chapter.2}% 10
\BOOKMARK [2][-]{subsection.2.3.1}{\376\377\000M\000A\000T\000C\000H\000\040\000V\000a\000r\000i\000a\000n\000t\000\040\000F\000r\000e\000q\000u\000e\000n\000c\000y\000\040\000H\000e\000l\000p\000\040\000D\000o\000c\000s}{section.2.3}% 11
\BOOKMARK [1][-]{section.2.4}{\376\377\000M\000A\000T\000C\000H\000B\000o\000x\000\040\000P\000a\000t\000i\000e\000n\000t\000\040\000S\000u\000m\000m\000a\000r\000y\000\040\000\050\000m\000a\000t\000c\000h\000b\000o\000x\000\137\000p\000a\000t\000i\000e\000n\000t\000\137\000s\000u\000m\000m\000a\000r\000y\000.\000p\000y\000\051}{chapter.2}% 12
\BOOKMARK [2][-]{subsection.2.4.1}{\376\377\000M\000A\000T\000C\000H\000B\000o\000x\000\040\000P\000a\000t\000i\000e\000n\000t\000\040\000S\000u\000m\000m\000a\000r\000y\000\040\000H\000e\000l\000p\000\040\000D\000o\000c\000s}{section.2.4}% 13
\BOOKMARK [0][-]{chapter.3}{\376\377\000M\000A\000T\000C\000H\000B\000o\000x\000\040\000A\000P\000I\000\040\000U\000t\000i\000l\000s\000\040\000A\000P\000I\000\040\000D\000o\000c\000u\000m\000e\000n\000t\000a\000t\000i\000o\000n}{}% 14
\BOOKMARK [1][-]{section.3.1}{\376\377\000m\000a\000t\000c\000h\000b\000o\000x\000\137\000a\000p\000i\000\137\000u\000t\000i\000l\000s\000.\000m\000a\000t\000c\000h\000b\000o\000x\000\040\000m\000o\000d\000u\000l\000e}{chapter.3}% 15
\BOOKMARK [1][-]{section.3.2}{\376\377\000m\000a\000t\000c\000h\000b\000o\000x\000\137\000a\000p\000i\000\137\000u\000t\000i\000l\000s\000.\000m\000a\000t\000c\000h\000\137\000d\000a\000t\000a\000\040\000m\000o\000d\000u\000l\000e}{chapter.3}% 16
\BOOKMARK [1][-]{section.3.3}{\376\377\000m\000a\000t\000c\000h\000b\000o\000x\000\137\000a\000p\000i\000\137\000u\000t\000i\000l\000s\000.\000m\000a\000t\000c\000h\000\137\000a\000r\000m\000s\000\040\000m\000o\000d\000u\000l\000e}{chapter.3}% 17
\BOOKMARK [0][-]{chapter.4}{\376\377\000I\000n\000d\000i\000c\000e\000s\000\040\000a\000n\000d\000\040\000t\000a\000b\000l\000e\000s}{}% 18
\BOOKMARK [0][-]{section*.41}{\376\377\000P\000y\000t\000h\000o\000n\000\040\000M\000o\000d\000u\000l\000e\000\040\000I\000n\000d\000e\000x}{}% 19
\BOOKMARK [0][-]{section*.42}{\376\377\000I\000n\000d\000e\000x}{}% 20
